<?xml version="1.0" encoding="UTF-8"?>
<testsuite xmlns:xsi="http://www.w3.org/2001/XMLSchema-instance" xsi:noNamespaceSchemaLocation="https://maven.apache.org/surefire/maven-surefire-plugin/xsd/surefire-test-report.xsd" version="3.0.2" name="com.example.CalculatorTest" time="0.161" tests="5" errors="0" skipped="0" failures="0" flakes="0">
  <properties>
[...]
</properties>
  <testcase name="testMultiplication" classname="com.example.CalculatorTest" time="0.084"/>
  <testcase name="testAddition" classname="com.example.CalculatorTest" time="0.009"/>
  <testcase name="testDivisionByZero" classname="com.example.CalculatorTest" time="0.004"/>
  <testcase name="testDivision" classname="com.example.CalculatorTest" time="0.003"/>
  <testcase name="testSubtraction" classname="com.example.CalculatorTest" time="0.0"/>
</testsuite>